<?xml version="1.0" encoding="UTF-8"?>
<!-- Generated by org.testng.reporters.JUnitReportReporter -->
<testsuite hostname="FVTIII738F1D" name="BDD.Cucumber.SecondRunner" tests="1" failures="0" timestamp="21 Mar 2017 10:55:24 GMT" time="10.188" errors="0">
  <testcase name="feature" time="10.188" classname="BDD.Cucumber.SecondRunner"/>
</testsuite> <!-- BDD.Cucumber.SecondRunner -->
